app/build/intermediates/manifest_merge_blame_file/debug/processDebugMainManifest/manifest-merger-blame-debug-report.txt
1<?xml version="1.0" encoding="utf-8"?>
2<manifest xmlns:android="http://schemas.android.com/apk/res/android"
3    package="com.example.informaticaves"
4    android:versionCode="2"
5    android:versionName="2.0" >
6
7    <uses-sdk
8        android:minSdkVersion="24"
9        android:targetSdkVersion="34" />
10
11    <!-- Permisos necesarios -->
12    <uses-permission android:name="android.permission.INTERNET" />
12-->src\main\AndroidManifest.xml:6:5-67
12-->src\main\AndroidManifest.xml:6:22-64
13    <uses-permission android:name="android.permission.ACCESS_NETWORK_STATE" />
13-->src\main\AndroidManifest.xml:7:5-79
13-->src\main\AndroidManifest.xml:7:22-76
14    <uses-permission android:name="android.permission.ACCESS_WIFI_STATE" />
14-->src\main\AndroidManifest.xml:8:5-76
14-->src\main\AndroidManifest.xml:8:22-73
15    <uses-permission android:name="android.permission.WAKE_LOCK" />
15-->[com.google.android.gms:play-services-measurement:22.0.2] AndroidManifest.xml:25:5-68
15-->[com.google.android.gms:play-services-measurement:22.0.2] AndroidManifest.xml:25:22-65
16    <uses-permission android:name="com.google.android.finsky.permission.BIND_GET_INSTALL_REFERRER_SERVICE" />
16-->[com.google.android.gms:play-services-measurement:22.0.2] AndroidManifest.xml:26:5-110
16-->[com.google.android.gms:play-services-measurement:22.0.2] AndroidManifest.xml:26:22-107
17    <uses-permission android:name="com.google.android.gms.permission.AD_ID" />
17-->[com.google.android.gms:play-services-measurement-api:22.0.2] AndroidManifest.xml:25:5-79
17-->[com.google.android.gms:play-services-measurement-api:22.0.2] AndroidManifest.xml:25:22-76
18    <uses-permission android:name="android.permission.ACCESS_ADSERVICES_ATTRIBUTION" />
18-->[com.google.android.gms:play-services-measurement-api:22.0.2] AndroidManifest.xml:26:5-88
18-->[com.google.android.gms:play-services-measurement-api:22.0.2] AndroidManifest.xml:26:22-85
19    <uses-permission android:name="android.permission.ACCESS_ADSERVICES_AD_ID" />
19-->[com.google.android.gms:play-services-measurement-api:22.0.2] AndroidManifest.xml:27:5-82
19-->[com.google.android.gms:play-services-measurement-api:22.0.2] AndroidManifest.xml:27:22-79
20    <uses-permission android:name="com.google.android.providers.gsf.permission.READ_GSERVICES" />
20-->[com.google.android.recaptcha:recaptcha:18.4.0] AndroidManifest.xml:9:5-98
20-->[com.google.android.recaptcha:recaptcha:18.4.0] AndroidManifest.xml:9:22-95
21
22    <permission
22-->[androidx.core:core:1.13.1] AndroidManifest.xml:22:5-24:47
23        android:name="com.example.informaticaves.DYNAMIC_RECEIVER_NOT_EXPORTED_PERMISSION"
23-->[androidx.core:core:1.13.1] AndroidManifest.xml:23:9-81
24        android:protectionLevel="signature" />
24-->[androidx.core:core:1.13.1] AndroidManifest.xml:24:9-44
25
26    <uses-permission android:name="com.example.informaticaves.DYNAMIC_RECEIVER_NOT_EXPORTED_PERMISSION" />
26-->[androidx.core:core:1.13.1] AndroidManifest.xml:26:5-97
26-->[androidx.core:core:1.13.1] AndroidManifest.xml:26:22-94
27
28    <application
28-->src\main\AndroidManifest.xml:10:5-44:19
29        android:allowBackup="true"
29-->src\main\AndroidManifest.xml:11:9-35
30        android:appComponentFactory="androidx.core.app.CoreComponentFactory"
30-->[androidx.core:core:1.13.1] AndroidManifest.xml:28:18-86
31        android:debuggable="true"
32        android:extractNativeLibs="false"
33        android:hardwareAccelerated="true"
33-->src\main\AndroidManifest.xml:18:9-43
34        android:icon="@mipmap/ic_launcher"
34-->src\main\AndroidManifest.xml:12:9-43
35        android:label="El Técnico Luis"
35-->src\main\AndroidManifest.xml:13:9-40
36        android:roundIcon="@mipmap/ic_launcher_round"
36-->src\main\AndroidManifest.xml:14:9-54
37        android:supportsRtl="true"
37-->src\main\AndroidManifest.xml:15:9-35
38        android:theme="@style/Theme.AppCompat.NoActionBar"
38-->src\main\AndroidManifest.xml:16:9-59
39        android:usesCleartextTraffic="false" >
39-->src\main\AndroidManifest.xml:17:9-45
40
41        <!-- MainActivity: WebView principal -->
42        <activity
42-->src\main\AndroidManifest.xml:22:9-42:20
43            android:name="com.example.informaticaves.MainActivity"
43-->src\main\AndroidManifest.xml:23:13-41
44            android:configChanges="orientation|screenSize|keyboardHidden"
44-->src\main\AndroidManifest.xml:25:13-74
45            android:exported="true"
45-->src\main\AndroidManifest.xml:24:13-36
46            android:windowSoftInputMode="adjustResize" >
46-->src\main\AndroidManifest.xml:26:13-55
47            <intent-filter>
47-->src\main\AndroidManifest.xml:27:13-30:29
48                <action android:name="android.intent.action.MAIN" />
48-->src\main\AndroidManifest.xml:28:17-69
48-->src\main\AndroidManifest.xml:28:25-66
49
50                <category android:name="android.intent.category.LAUNCHER" />
50-->src\main\AndroidManifest.xml:29:17-77
50-->src\main\AndroidManifest.xml:29:27-74
51            </intent-filter>
52
53            <!-- Deep link para callback OAuth de Firebase/Google -->
54            <intent-filter android:autoVerify="true" >
54-->src\main\AndroidManifest.xml:33:13-41:29
54-->src\main\AndroidManifest.xml:33:28-53
55                <action android:name="android.intent.action.VIEW" />
55-->src\main\AndroidManifest.xml:34:17-69
55-->src\main\AndroidManifest.xml:34:25-66
56
57                <category android:name="android.intent.category.DEFAULT" />
57-->src\main\AndroidManifest.xml:35:17-76
57-->src\main\AndroidManifest.xml:35:27-73
58                <category android:name="android.intent.category.BROWSABLE" />
58-->src\main\AndroidManifest.xml:36:17-78
58-->src\main\AndroidManifest.xml:36:27-75
59
60                <data
60-->src\main\AndroidManifest.xml:37:17-40:61
61                    android:host="informaticaves.firebaseapp.com"
61-->src\main\AndroidManifest.xml:39:21-66
62                    android:pathPrefix="/__/auth/handler"
62-->src\main\AndroidManifest.xml:40:21-58
63                    android:scheme="https" />
63-->src\main\AndroidManifest.xml:38:21-43
64            </intent-filter>
65        </activity>
66
67        <provider
67-->[androidx.emoji2:emoji2:1.3.0] AndroidManifest.xml:24:9-32:20
68            android:name="androidx.startup.InitializationProvider"
68-->[androidx.emoji2:emoji2:1.3.0] AndroidManifest.xml:25:13-67
69            android:authorities="com.example.informaticaves.androidx-startup"
69-->[androidx.emoji2:emoji2:1.3.0] AndroidManifest.xml:26:13-68
70            android:exported="false" >
70-->[androidx.emoji2:emoji2:1.3.0] AndroidManifest.xml:27:13-37
71            <meta-data
71-->[androidx.emoji2:emoji2:1.3.0] AndroidManifest.xml:29:13-31:52
72                android:name="androidx.emoji2.text.EmojiCompatInitializer"
72-->[androidx.emoji2:emoji2:1.3.0] AndroidManifest.xml:30:17-75
73                android:value="androidx.startup" />
73-->[androidx.emoji2:emoji2:1.3.0] AndroidManifest.xml:31:17-49
74            <meta-data
74-->[androidx.lifecycle:lifecycle-process:2.6.2] AndroidManifest.xml:29:13-31:52
75                android:name="androidx.lifecycle.ProcessLifecycleInitializer"
75-->[androidx.lifecycle:lifecycle-process:2.6.2] AndroidManifest.xml:30:17-78
76                android:value="androidx.startup" />
76-->[androidx.lifecycle:lifecycle-process:2.6.2] AndroidManifest.xml:31:17-49
77            <meta-data
77-->[androidx.profileinstaller:profileinstaller:1.3.1] AndroidManifest.xml:29:13-31:52
78                android:name="androidx.profileinstaller.ProfileInstallerInitializer"
78-->[androidx.profileinstaller:profileinstaller:1.3.1] AndroidManifest.xml:30:17-85
79                android:value="androidx.startup" />
79-->[androidx.profileinstaller:profileinstaller:1.3.1] AndroidManifest.xml:31:17-49
80        </provider>
81
82        <activity
82-->[com.google.firebase:firebase-auth:23.0.0] AndroidManifest.xml:29:9-46:20
83            android:name="com.google.firebase.auth.internal.GenericIdpActivity"
83-->[com.google.firebase:firebase-auth:23.0.0] AndroidManifest.xml:30:13-80
84            android:excludeFromRecents="true"
84-->[com.google.firebase:firebase-auth:23.0.0] AndroidManifest.xml:31:13-46
85            android:exported="true"
85-->[com.google.firebase:firebase-auth:23.0.0] AndroidManifest.xml:32:13-36
86            android:launchMode="singleTask"
86-->[com.google.firebase:firebase-auth:23.0.0] AndroidManifest.xml:33:13-44
87            android:theme="@android:style/Theme.Translucent.NoTitleBar" >
87-->[com.google.firebase:firebase-auth:23.0.0] AndroidManifest.xml:34:13-72
88            <intent-filter>
88-->[com.google.firebase:firebase-auth:23.0.0] AndroidManifest.xml:35:13-45:29
89                <action android:name="android.intent.action.VIEW" />
89-->src\main\AndroidManifest.xml:34:17-69
89-->src\main\AndroidManifest.xml:34:25-66
90
91                <category android:name="android.intent.category.DEFAULT" />
91-->src\main\AndroidManifest.xml:35:17-76
91-->src\main\AndroidManifest.xml:35:27-73
92                <category android:name="android.intent.category.BROWSABLE" />
92-->src\main\AndroidManifest.xml:36:17-78
92-->src\main\AndroidManifest.xml:36:27-75
93
94                <data
94-->src\main\AndroidManifest.xml:37:17-40:61
95                    android:host="firebase.auth"
95-->src\main\AndroidManifest.xml:39:21-66
96                    android:path="/"
97                    android:scheme="genericidp" />
97-->src\main\AndroidManifest.xml:38:21-43
98            </intent-filter>
99        </activity>
100        <activity
100-->[com.google.firebase:firebase-auth:23.0.0] AndroidManifest.xml:47:9-64:20
101            android:name="com.google.firebase.auth.internal.RecaptchaActivity"
101-->[com.google.firebase:firebase-auth:23.0.0] AndroidManifest.xml:48:13-79
102            android:excludeFromRecents="true"
102-->[com.google.firebase:firebase-auth:23.0.0] AndroidManifest.xml:49:13-46
103            android:exported="true"
103-->[com.google.firebase:firebase-auth:23.0.0] AndroidManifest.xml:50:13-36
104            android:launchMode="singleTask"
104-->[com.google.firebase:firebase-auth:23.0.0] AndroidManifest.xml:51:13-44
105            android:theme="@android:style/Theme.Translucent.NoTitleBar" >
105-->[com.google.firebase:firebase-auth:23.0.0] AndroidManifest.xml:52:13-72
106            <intent-filter>
106-->[com.google.firebase:firebase-auth:23.0.0] AndroidManifest.xml:53:13-63:29
107                <action android:name="android.intent.action.VIEW" />
107-->src\main\AndroidManifest.xml:34:17-69
107-->src\main\AndroidManifest.xml:34:25-66
108
109                <category android:name="android.intent.category.DEFAULT" />
109-->src\main\AndroidManifest.xml:35:17-76
109-->src\main\AndroidManifest.xml:35:27-73
110                <category android:name="android.intent.category.BROWSABLE" />
110-->src\main\AndroidManifest.xml:36:17-78
110-->src\main\AndroidManifest.xml:36:27-75
111
112                <data
112-->src\main\AndroidManifest.xml:37:17-40:61
113                    android:host="firebase.auth"
113-->src\main\AndroidManifest.xml:39:21-66
114                    android:path="/"
115                    android:scheme="recaptcha" />
115-->src\main\AndroidManifest.xml:38:21-43
116            </intent-filter>
117        </activity>
118
119        <service
119-->[com.google.firebase:firebase-auth:23.0.0] AndroidManifest.xml:66:9-72:19
120            android:name="com.google.firebase.components.ComponentDiscoveryService"
120-->[com.google.firebase:firebase-auth:23.0.0] AndroidManifest.xml:67:13-84
121            android:directBootAware="true"
121-->[com.google.firebase:firebase-common:21.0.0] AndroidManifest.xml:32:13-43
122            android:exported="false" >
122-->[com.google.firebase:firebase-auth:23.0.0] AndroidManifest.xml:68:13-37
123            <meta-data
123-->[com.google.firebase:firebase-auth:23.0.0] AndroidManifest.xml:69:13-71:85
124                android:name="com.google.firebase.components:com.google.firebase.auth.FirebaseAuthRegistrar"
124-->[com.google.firebase:firebase-auth:23.0.0] AndroidManifest.xml:70:17-109
125                android:value="com.google.firebase.components.ComponentRegistrar" />
125-->[com.google.firebase:firebase-auth:23.0.0] AndroidManifest.xml:71:17-82
126            <meta-data
126-->[com.google.firebase:firebase-firestore:25.0.0] AndroidManifest.xml:17:13-19:85
127                android:name="com.google.firebase.components:com.google.firebase.firestore.FirebaseFirestoreKtxRegistrar"
127-->[com.google.firebase:firebase-firestore:25.0.0] AndroidManifest.xml:18:17-122
128                android:value="com.google.firebase.components.ComponentRegistrar" />
128-->[com.google.firebase:firebase-firestore:25.0.0] AndroidManifest.xml:19:17-82
129            <meta-data
129-->[com.google.firebase:firebase-firestore:25.0.0] AndroidManifest.xml:20:13-22:85
130                android:name="com.google.firebase.components:com.google.firebase.firestore.FirestoreRegistrar"
130-->[com.google.firebase:firebase-firestore:25.0.0] AndroidManifest.xml:21:17-111
131                android:value="com.google.firebase.components.ComponentRegistrar" />
131-->[com.google.firebase:firebase-firestore:25.0.0] AndroidManifest.xml:22:17-82
132            <meta-data
132-->[com.google.android.gms:play-services-measurement-api:22.0.2] AndroidManifest.xml:37:13-39:85
133                android:name="com.google.firebase.components:com.google.firebase.analytics.connector.internal.AnalyticsConnectorRegistrar"
133-->[com.google.android.gms:play-services-measurement-api:22.0.2] AndroidManifest.xml:38:17-139
134                android:value="com.google.firebase.components.ComponentRegistrar" />
134-->[com.google.android.gms:play-services-measurement-api:22.0.2] AndroidManifest.xml:39:17-82
135            <meta-data
135-->[com.google.firebase:firebase-installations:18.0.0] AndroidManifest.xml:15:13-17:85
136                android:name="com.google.firebase.components:com.google.firebase.installations.FirebaseInstallationsKtxRegistrar"
136-->[com.google.firebase:firebase-installations:18.0.0] AndroidManifest.xml:16:17-130
137                android:value="com.google.firebase.components.ComponentRegistrar" />
137-->[com.google.firebase:firebase-installations:18.0.0] AndroidManifest.xml:17:17-82
138            <meta-data
138-->[com.google.firebase:firebase-installations:18.0.0] AndroidManifest.xml:18:13-20:85
139                android:name="com.google.firebase.components:com.google.firebase.installations.FirebaseInstallationsRegistrar"
139-->[com.google.firebase:firebase-installations:18.0.0] AndroidManifest.xml:19:17-127
140                android:value="com.google.firebase.components.ComponentRegistrar" />
140-->[com.google.firebase:firebase-installations:18.0.0] AndroidManifest.xml:20:17-82
141            <meta-data
141-->[com.google.firebase:firebase-common-ktx:21.0.0] AndroidManifest.xml:12:13-14:85
142                android:name="com.google.firebase.components:com.google.firebase.ktx.FirebaseCommonLegacyRegistrar"
142-->[com.google.firebase:firebase-common-ktx:21.0.0] AndroidManifest.xml:13:17-116
143                android:value="com.google.firebase.components.ComponentRegistrar" />
143-->[com.google.firebase:firebase-common-ktx:21.0.0] AndroidManifest.xml:14:17-82
144            <meta-data
144-->[com.google.firebase:firebase-common:21.0.0] AndroidManifest.xml:35:13-37:85
145                android:name="com.google.firebase.components:com.google.firebase.FirebaseCommonKtxRegistrar"
145-->[com.google.firebase:firebase-common:21.0.0] AndroidManifest.xml:36:17-109
146                android:value="com.google.firebase.components.ComponentRegistrar" />
146-->[com.google.firebase:firebase-common:21.0.0] AndroidManifest.xml:37:17-82
147        </service>
148        <service
148-->[androidx.credentials:credentials-play-services-auth:1.2.0-rc01] AndroidManifest.xml:24:9-32:19
149            android:name="androidx.credentials.playservices.CredentialProviderMetadataHolder"
149-->[androidx.credentials:credentials-play-services-auth:1.2.0-rc01] AndroidManifest.xml:25:13-94
150            android:enabled="true"
150-->[androidx.credentials:credentials-play-services-auth:1.2.0-rc01] AndroidManifest.xml:26:13-35
151            android:exported="false" >
151-->[androidx.credentials:credentials-play-services-auth:1.2.0-rc01] AndroidManifest.xml:27:13-37
152            <meta-data
152-->[androidx.credentials:credentials-play-services-auth:1.2.0-rc01] AndroidManifest.xml:29:13-31:104
153                android:name="androidx.credentials.CREDENTIAL_PROVIDER_KEY"
153-->[androidx.credentials:credentials-play-services-auth:1.2.0-rc01] AndroidManifest.xml:30:17-76
154                android:value="androidx.credentials.playservices.CredentialProviderPlayServicesImpl" />
154-->[androidx.credentials:credentials-play-services-auth:1.2.0-rc01] AndroidManifest.xml:31:17-101
155        </service>
156
157        <activity
157-->[androidx.credentials:credentials-play-services-auth:1.2.0-rc01] AndroidManifest.xml:34:9-41:20
158            android:name="androidx.credentials.playservices.HiddenActivity"
158-->[androidx.credentials:credentials-play-services-auth:1.2.0-rc01] AndroidManifest.xml:35:13-76
159            android:configChanges="orientation|screenSize|screenLayout|keyboardHidden"
159-->[androidx.credentials:credentials-play-services-auth:1.2.0-rc01] AndroidManifest.xml:36:13-87
160            android:enabled="true"
160-->[androidx.credentials:credentials-play-services-auth:1.2.0-rc01] AndroidManifest.xml:37:13-35
161            android:exported="false"
161-->[androidx.credentials:credentials-play-services-auth:1.2.0-rc01] AndroidManifest.xml:38:13-37
162            android:fitsSystemWindows="true"
162-->[androidx.credentials:credentials-play-services-auth:1.2.0-rc01] AndroidManifest.xml:39:13-45
163            android:theme="@style/Theme.Hidden" >
163-->[androidx.credentials:credentials-play-services-auth:1.2.0-rc01] AndroidManifest.xml:40:13-48
164        </activity>
165        <activity
165-->[com.google.android.gms:play-services-auth:20.7.0] AndroidManifest.xml:23:9-27:75
166            android:name="com.google.android.gms.auth.api.signin.internal.SignInHubActivity"
166-->[com.google.android.gms:play-services-auth:20.7.0] AndroidManifest.xml:24:13-93
167            android:excludeFromRecents="true"
167-->[com.google.android.gms:play-services-auth:20.7.0] AndroidManifest.xml:25:13-46
168            android:exported="false"
168-->[com.google.android.gms:play-services-auth:20.7.0] AndroidManifest.xml:26:13-37
169            android:theme="@android:style/Theme.Translucent.NoTitleBar" />
169-->[com.google.android.gms:play-services-auth:20.7.0] AndroidManifest.xml:27:13-72
170        <!--
171            Service handling Google Sign-In user revocation. For apps that do not integrate with
172            Google Sign-In, this service will never be started.
173        -->
174        <service
174-->[com.google.android.gms:play-services-auth:20.7.0] AndroidManifest.xml:33:9-37:51
175            android:name="com.google.android.gms.auth.api.signin.RevocationBoundService"
175-->[com.google.android.gms:play-services-auth:20.7.0] AndroidManifest.xml:34:13-89
176            android:exported="true"
176-->[com.google.android.gms:play-services-auth:20.7.0] AndroidManifest.xml:35:13-36
177            android:permission="com.google.android.gms.auth.api.signin.permission.REVOCATION_NOTIFICATION"
177-->[com.google.android.gms:play-services-auth:20.7.0] AndroidManifest.xml:36:13-107
178            android:visibleToInstantApps="true" />
178-->[com.google.android.gms:play-services-auth:20.7.0] AndroidManifest.xml:37:13-48
179
180        <activity
180-->[com.google.android.gms:play-services-base:18.0.1] AndroidManifest.xml:20:9-22:45
181            android:name="com.google.android.gms.common.api.GoogleApiActivity"
181-->[com.google.android.gms:play-services-base:18.0.1] AndroidManifest.xml:20:19-85
182            android:exported="false"
182-->[com.google.android.gms:play-services-base:18.0.1] AndroidManifest.xml:22:19-43
183            android:theme="@android:style/Theme.Translucent.NoTitleBar" />
183-->[com.google.android.gms:play-services-base:18.0.1] AndroidManifest.xml:21:19-78
184
185        <receiver
185-->[com.google.android.gms:play-services-measurement:22.0.2] AndroidManifest.xml:29:9-33:20
186            android:name="com.google.android.gms.measurement.AppMeasurementReceiver"
186-->[com.google.android.gms:play-services-measurement:22.0.2] AndroidManifest.xml:30:13-85
187            android:enabled="true"
187-->[com.google.android.gms:play-services-measurement:22.0.2] AndroidManifest.xml:31:13-35
188            android:exported="false" >
188-->[com.google.android.gms:play-services-measurement:22.0.2] AndroidManifest.xml:32:13-37
189        </receiver>
190
191        <service
191-->[com.google.android.gms:play-services-measurement:22.0.2] AndroidManifest.xml:35:9-38:40
192            android:name="com.google.android.gms.measurement.AppMeasurementService"
192-->[com.google.android.gms:play-services-measurement:22.0.2] AndroidManifest.xml:36:13-84
193            android:enabled="true"
193-->[com.google.android.gms:play-services-measurement:22.0.2] AndroidManifest.xml:37:13-35
194            android:exported="false" />
194-->[com.google.android.gms:play-services-measurement:22.0.2] AndroidManifest.xml:38:13-37
195        <service
195-->[com.google.android.gms:play-services-measurement:22.0.2] AndroidManifest.xml:39:9-43:72
196            android:name="com.google.android.gms.measurement.AppMeasurementJobService"
196-->[com.google.android.gms:play-services-measurement:22.0.2] AndroidManifest.xml:40:13-87
197            android:enabled="true"
197-->[com.google.android.gms:play-services-measurement:22.0.2] AndroidManifest.xml:41:13-35
198            android:exported="false"
198-->[com.google.android.gms:play-services-measurement:22.0.2] AndroidManifest.xml:42:13-37
199            android:permission="android.permission.BIND_JOB_SERVICE" />
199-->[com.google.android.gms:play-services-measurement:22.0.2] AndroidManifest.xml:43:13-69
200
201        <property
201-->[com.google.android.gms:play-services-measurement-api:22.0.2] AndroidManifest.xml:30:9-32:61
202            android:name="android.adservices.AD_SERVICES_CONFIG"
202-->[com.google.android.gms:play-services-measurement-api:22.0.2] AndroidManifest.xml:31:13-65
203            android:resource="@xml/ga_ad_services_config" />
203-->[com.google.android.gms:play-services-measurement-api:22.0.2] AndroidManifest.xml:32:13-58
204
205        <provider
205-->[com.google.firebase:firebase-common:21.0.0] AndroidManifest.xml:23:9-28:39
206            android:name="com.google.firebase.provider.FirebaseInitProvider"
206-->[com.google.firebase:firebase-common:21.0.0] AndroidManifest.xml:24:13-77
207            android:authorities="com.example.informaticaves.firebaseinitprovider"
207-->[com.google.firebase:firebase-common:21.0.0] AndroidManifest.xml:25:13-72
208            android:directBootAware="true"
208-->[com.google.firebase:firebase-common:21.0.0] AndroidManifest.xml:26:13-43
209            android:exported="false"
209-->[com.google.firebase:firebase-common:21.0.0] AndroidManifest.xml:27:13-37
210            android:initOrder="100" />
210-->[com.google.firebase:firebase-common:21.0.0] AndroidManifest.xml:28:13-36
211
212        <uses-library
212-->[androidx.privacysandbox.ads:ads-adservices:1.0.0-beta05] AndroidManifest.xml:23:9-25:40
213            android:name="android.ext.adservices"
213-->[androidx.privacysandbox.ads:ads-adservices:1.0.0-beta05] AndroidManifest.xml:24:13-50
214            android:required="false" />
214-->[androidx.privacysandbox.ads:ads-adservices:1.0.0-beta05] AndroidManifest.xml:25:13-37
215
216        <meta-data
216-->[com.google.android.gms:play-services-basement:18.4.0] AndroidManifest.xml:6:9-122
217            android:name="com.google.android.gms.version"
217-->[com.google.android.gms:play-services-basement:18.4.0] AndroidManifest.xml:6:20-65
218            android:value="@integer/google_play_services_version" />
218-->[com.google.android.gms:play-services-basement:18.4.0] AndroidManifest.xml:6:66-119
219
220        <receiver
220-->[androidx.profileinstaller:profileinstaller:1.3.1] AndroidManifest.xml:34:9-52:20
221            android:name="androidx.profileinstaller.ProfileInstallReceiver"
221-->[androidx.profileinstaller:profileinstaller:1.3.1] AndroidManifest.xml:35:13-76
222            android:directBootAware="false"
222-->[androidx.profileinstaller:profileinstaller:1.3.1] AndroidManifest.xml:36:13-44
223            android:enabled="true"
223-->[androidx.profileinstaller:profileinstaller:1.3.1] AndroidManifest.xml:37:13-35
224            android:exported="true"
224-->[androidx.profileinstaller:profileinstaller:1.3.1] AndroidManifest.xml:38:13-36
225            android:permission="android.permission.DUMP" >
225-->[androidx.profileinstaller:profileinstaller:1.3.1] AndroidManifest.xml:39:13-57
226            <intent-filter>
226-->[androidx.profileinstaller:profileinstaller:1.3.1] AndroidManifest.xml:40:13-42:29
227                <action android:name="androidx.profileinstaller.action.INSTALL_PROFILE" />
227-->[androidx.profileinstaller:profileinstaller:1.3.1] AndroidManifest.xml:41:17-91
227-->[androidx.profileinstaller:profileinstaller:1.3.1] AndroidManifest.xml:41:25-88
228            </intent-filter>
229            <intent-filter>
229-->[androidx.profileinstaller:profileinstaller:1.3.1] AndroidManifest.xml:43:13-45:29
230                <action android:name="androidx.profileinstaller.action.SKIP_FILE" />
230-->[androidx.profileinstaller:profileinstaller:1.3.1] AndroidManifest.xml:44:17-85
230-->[androidx.profileinstaller:profileinstaller:1.3.1] AndroidManifest.xml:44:25-82
231            </intent-filter>
232            <intent-filter>
232-->[androidx.profileinstaller:profileinstaller:1.3.1] AndroidManifest.xml:46:13-48:29
233                <action android:name="androidx.profileinstaller.action.SAVE_PROFILE" />
233-->[androidx.profileinstaller:profileinstaller:1.3.1] AndroidManifest.xml:47:17-88
233-->[androidx.profileinstaller:profileinstaller:1.3.1] AndroidManifest.xml:47:25-85
234            </intent-filter>
235            <intent-filter>
235-->[androidx.profileinstaller:profileinstaller:1.3.1] AndroidManifest.xml:49:13-51:29
236                <action android:name="androidx.profileinstaller.action.BENCHMARK_OPERATION" />
236-->[androidx.profileinstaller:profileinstaller:1.3.1] AndroidManifest.xml:50:17-95
236-->[androidx.profileinstaller:profileinstaller:1.3.1] AndroidManifest.xml:50:25-92
237            </intent-filter>
238        </receiver>
239    </application>
240
241</manifest>